<?xml version="1.0" encoding="utf-8"?>
<coverage line-rate="0.9995" branch-rate="0.9558" version="1.9" timestamp="1721898805" lines-covered="4326" lines-valid="4328" branches-covered="325" branches-valid="340">
  <sources>
    <source>C:\</source>
  </sources>
  <packages>
    <package name="InterviewPanelAvailabilitySystemMVC" line-rate="0.9984999999999999" branch-rate="0.9451999999999999" complexity="287">
      <classes>
        <class name="InterviewPanelAvailabilitySystemMVC.Controllers.AdminController" filename="Repos\Alpha\InterviewPanelAvailabilitySystem\InterviewPanelAvailabilitySystemMVC\Controllers\AdminController.cs" line-rate="1" branch-rate="0.9242" complexity="70">
          <methods>
            <method name="Index" signature="(System.String,System.Int32,System.Int32,System.String)" line-rate="1" branch-rate="1" complexity="20">
              <lines>
                <line number="22" hits="6" branch="False" />
                <line number="23" hits="6" branch="False" />
                <line number="24" hits="6" branch="False" />
                <line number="25" hits="6" branch="True" condition-coverage="100% (2/2)">
                  <conditions>
                    <condition number="18" type="jump" coverage="100%" />
                  </conditions>
                </line>
                <line number="27" hits="6" branch="False" />
                <line number="28" hits="6" branch="True" condition-coverage="100% (2/2)">
                  <conditions>
                    <condition number="116" type="jump" coverage="100%" />
                  </conditions>
                </line>
                <line number="29" hits="4" branch="False" />
                <line number="30" hits="4" branch="False" />
                <line number="31" hits="4" branch="False" />
                <line number="32" hits="4" branch="False" />
                <line number="34" hits="2" branch="False" />
                <line number="35" hits="2" branch="False" />
                <line number="36" hits="2" branch="False" />
                <line number="37" hits="2" branch="False" />
                <line number="38" hits="6" branch="False" />
                <line number="39" hits="5" branch="False" />
                <line number="41" hits="5" branch="True" condition-coverage="100% (2/2)">
                  <conditions>
                    <condition number="434" type="jump" coverage="100%" />
                  </conditions>
                </line>
                <line number="42" hits="1" branch="False" />
                <line number="44" hits="1" branch="False" />
                <line number="47" hits="4" branch="False" />
                <line number="48" hits="4" branch="True" condition-coverage="100% (2/2)">
                  <conditions>
                    <condition number="477" type="jump" coverage="100%" />
                  </conditions>
                </line>
                <line number="49" hits="1" branch="False" />
                <line number="51" hits="1" branch="False" />
                <line number="54" hits="3" branch="True" condition-coverage="100% (2/2)">
                  <conditions>
                    <condition number="510" type="jump" coverage="100%" />
                  </conditions>
                </line>
                <line number="55" hits="3" branch="True" condition-coverage="100% (2/2)">
                  <conditions>
                    <condition number="604" type="jump" coverage="100%" />
                  </conditions>
                </line>
                <line number="56" hits="3" branch="True" condition-coverage="100% (2/2)">
                  <conditions>
                    <condition number="698" type="jump" coverage="100%" />
                  </conditions>
                </line>
                <line number="57" hits="3" branch="True" condition-coverage="100% (2/2)">
                  <conditions>
                    <condition number="793" type="jump" coverage="100%" />
                  </conditions>
                </line>
                <line number="59" hits="3" branch="False" />
                <line number="60" hits="3" branch="False" />
                <line number="62" hits="3" branch="True" condition-coverage="100% (4/4)">
                  <conditions>
                    <condition number="930" type="jump" coverage="100%" />
                    <condition number="946" type="jump" coverage="100%" />
                  </conditions>
                </line>
                <line number="63" hits="2" branch="False" />
                <line number="64" hits="2" branch="False" />
                <line number="67" hits="1" branch="False" />
                <line number="68" hits="1" branch="False" />
                <line number="71" hits="1" branch="False" />
                <line number="72" hits="1" branch="False" />
                <line number="73" hits="1" branch="False" />
                <line number="74" hits="1" branch="False" />
                <line number="76" hits="6" branch="False" />
              </lines>
            </method>
            <method name="AddInterviewer" signature="()" line-rate="1" branch-rate="1" complexity="1">
              <lines>
                <line number="79" hits="1" branch="False" />
                <line number="80" hits="1" branch="False" />
                <line number="81" hits="1" branch="False" />
                <line number="82" hits="1" branch="False" />
                <line number="83" hits="1" branch="False" />
                <line number="84" hits="1" branch="False" />
              </lines>
            </method>
            <method name="AddInterviewer" signature="(InterviewPanelAvailabilitySystemMVC.ViewModels.AddInterviewrViewModel)" line-rate="1" branch-rate="0.8" complexity="10">
              <lines>
                <line number="87" hits="5" branch="False" />
                <line number="88" hits="5" branch="False" />
                <line number="89" hits="5" branch="False" />
                <line number="90" hits="5" branch="True" condition-coverage="100% (2/2)">
                  <conditions>
                    <condition number="40" type="jump" coverage="100%" />
                  </conditions>
                </line>
                <line number="91" hits="4" branch="False" />
                <line number="93" hits="4" branch="False" />
                <line number="94" hits="4" branch="False" />
                <line number="95" hits="4" branch="False" />
                <line number="97" hits="3" branch="True" condition-coverage="100% (2/2)">
                  <conditions>
                    <condition number="97" type="jump" coverage="100%" />
                  </conditions>
                </line>
                <line number="98" hits="1" branch="False" />
                <line number="99" hits="1" branch="False" />
                <line number="100" hits="1" branch="False" />
                <line number="102" hits="1" branch="True" condition-coverage="50% (1/2)">
                  <conditions>
                    <condition number="140" type="jump" coverage="50%" />
                  </conditions>
                </line>
                <line number="103" hits="1" branch="False" />
                <line number="106" hits="2" branch="False" />
                <line number="107" hits="2" branch="False" />
                <line number="108" hits="2" branch="False" />
                <line number="109" hits="2" branch="True" condition-coverage="100% (2/2)">
                  <conditions>
                    <condition number="213" type="jump" coverage="100%" />
                  </conditions>
                </line>
                <line number="110" hits="1" branch="False" />
                <line number="111" hits="1" branch="True" condition-coverage="50% (1/2)">
                  <conditions>
                    <condition number="229" type="jump" coverage="50%" />
                  </conditions>
                </line>
                <line number="112" hits="1" branch="False" />
                <line number="114" hits="1" branch="False" />
                <line number="115" hits="1" branch="False" />
                <line number="116" hits="1" branch="False" />
                <line number="117" hits="2" branch="False" />
                <line number="118" hits="2" branch="False" />
                <line number="119" hits="1" branch="False" />
                <line number="120" hits="1" branch="False" />
                <line number="121" hits="1" branch="False" />
                <line number="122" hits="1" branch="False" />
                <line number="124" hits="2" branch="False" />
                <line number="125" hits="3" branch="False" />
                <line number="126" hits="5" branch="False" />
              </lines>
            </method>
            <method name="GetJobRoles" signature="()" line-rate="1" branch-rate="1" complexity="1">
              <lines>
                <line number="128" hits="12" branch="False" />
                <line number="129" hits="12" branch="False" />
                <line number="131" hits="12" branch="False" />
                <line number="133" hits="12" branch="False" />
                <line number="134" hits="12" branch="False" />
                <line number="136" hits="12" branch="False" />
                <line number="137" hits="12" branch="False" />
              </lines>
            </method>
            <method name="GetInterviewRoundViewModels" signature="()" line-rate="1" branch-rate="1" complexity="1">
              <lines>
                <line number="140" hits="12" branch="False" />
                <line number="141" hits="12" branch="False" />
                <line number="143" hits="12" branch="False" />
                <line number="145" hits="12" branch="False" />
                <line number="146" hits="12" branch="False" />
                <line number="148" hits="12" branch="False" />
                <line number="149" hits="12" branch="False" />
              </lines>
            </method>
            <method name="Edit" signature="(System.Int32)" line-rate="1" branch-rate="1" complexity="18">
              <lines>
                <line number="154" hits="6" branch="False" />
                <line number="156" hits="6" branch="False" />
                <line number="157" hits="6" branch="False" />
                <line number="158" hits="6" branch="False" />
                <line number="160" hits="5" branch="True" condition-coverage="100% (2/2)">
                  <conditions>
                    <condition number="58" type="jump" coverage="100%" />
                  </conditions>
                </line>
                <line number="161" hits="3" branch="False" />
                <line number="162" hits="3" branch="False" />
                <line number="163" hits="3" branch="False" />
                <line number="165" hits="3" branch="True" condition-coverage="100% (6/6)">
                  <conditions>
                    <condition number="91" type="jump" coverage="100%" />
                    <condition number="100" type="jump" coverage="100%" />
                    <condition number="119" type="jump" coverage="100%" />
                  </conditions>
                </line>
                <line number="166" hits="2" branch="False" />
                <line number="167" hits="2" branch="False" />
                <line number="168" hits="2" branch="False" />
                <line number="169" hits="2" branch="True" condition-coverage="100% (2/2)">
                  <conditions>
                    <condition number="146" type="jump" coverage="100%" />
                  </conditions>
                </line>
                <line number="171" hits="2" branch="True" condition-coverage="100% (2/2)">
                  <conditions>
                    <condition number="241" type="jump" coverage="100%" />
                  </conditions>
                </line>
                <line number="172" hits="2" branch="True" condition-coverage="100% (2/2)">
                  <conditions>
                    <condition number="336" type="jump" coverage="100%" />
                  </conditions>
                </line>
                <line number="173" hits="2" branch="True" condition-coverage="100% (2/2)">
                  <conditions>
                    <condition number="441" type="jump" coverage="100%" />
                  </conditions>
                </line>
                <line number="174" hits="2" branch="False" />
                <line number="177" hits="1" branch="False" />
                <line number="178" hits="1" branch="False" />
                <line number="179" hits="1" branch="False" />
                <line number="183" hits="2" branch="False" />
                <line number="184" hits="2" branch="False" />
                <line number="185" hits="2" branch="False" />
                <line number="187" hits="2" branch="True" condition-coverage="100% (2/2)">
                  <conditions>
                    <condition number="641" type="jump" coverage="100%" />
                  </conditions>
                </line>
                <line number="188" hits="1" branch="False" />
                <line number="189" hits="1" branch="False" />
                <line number="190" hits="1" branch="False" />
                <line number="192" hits="1" branch="False" />
                <line number="193" hits="1" branch="False" />
                <line number="194" hits="1" branch="False" />
                <line number="196" hits="2" branch="False" />
                <line number="199" hits="1" branch="False" />
                <line number="200" hits="1" branch="False" />
                <line number="201" hits="1" branch="False" />
                <line number="202" hits="1" branch="False" />
                <line number="206" hits="6" branch="False" />
              </lines>
            </method>
            <method name="Edit" signature="(InterviewPanelAvailabilitySystemMVC.ViewModels.UpdateEmployeeViewModel)" line-rate="1" branch-rate="0.8571" complexity="14">
              <lines>
                <line number="210" hits="5" branch="False" />
                <line number="211" hits="5" branch="True" condition-coverage="100% (2/2)">
                  <conditions>
                    <condition number="14" type="jump" coverage="100%" />
                  </conditions>
                </line>
                <line number="212" hits="5" branch="False" />
                <line number="214" hits="5" branch="False" />
                <line number="215" hits="5" branch="False" />
                <line number="216" hits="5" branch="False" />
                <line number="218" hits="4" branch="True" condition-coverage="100% (2/2)">
                  <conditions>
                    <condition number="75" type="jump" coverage="100%" />
                  </conditions>
                </line>
                <line number="219" hits="1" branch="False" />
                <line number="220" hits="1" branch="False" />
                <line number="221" hits="1" branch="False" />
                <line number="222" hits="1" branch="True" condition-coverage="50% (1/2)">
                  <conditions>
                    <condition number="119" type="jump" coverage="50%" />
                  </conditions>
                </line>
                <line number="223" hits="1" branch="False" />
                <line number="226" hits="3" branch="False" />
                <line number="227" hits="3" branch="False" />
                <line number="228" hits="3" branch="False" />
                <line number="230" hits="3" branch="True" condition-coverage="100% (2/2)">
                  <conditions>
                    <condition number="193" type="jump" coverage="100%" />
                  </conditions>
                </line>
                <line number="231" hits="1" branch="False" />
                <line number="232" hits="1" branch="True" condition-coverage="50% (1/2)">
                  <conditions>
                    <condition number="209" type="jump" coverage="50%" />
                  </conditions>
                </line>
                <line number="233" hits="1" branch="False" />
                <line number="235" hits="2" branch="False" />
                <line number="236" hits="2" branch="False" />
                <line number="237" hits="2" branch="False" />
                <line number="238" hits="3" branch="False" />
                <line number="239" hits="3" branch="False" />
                <line number="240" hits="1" branch="False" />
                <line number="241" hits="1" branch="False" />
                <line number="242" hits="1" branch="False" />
                <line number="243" hits="1" branch="False" />
                <line number="245" hits="4" branch="False" />
                <line number="246" hits="4" branch="False" />
                <line number="247" hits="4" branch="False" />
                <line number="248" hits="4" branch="True" condition-coverage="100% (2/2)">
                  <conditions>
                    <condition number="306" type="jump" coverage="100%" />
                  </conditions>
                </line>
                <line number="249" hits="4" branch="True" condition-coverage="100% (2/2)">
                  <conditions>
                    <condition number="400" type="jump" coverage="100%" />
                  </conditions>
                </line>
                <line number="250" hits="4" branch="False" />
                <line number="251" hits="5" branch="False" />
              </lines>
            </method>
            <method name="Delete" signature="(System.Int32)" line-rate="1" branch-rate="0.75" complexity="4">
              <lines>
                <line number="256" hits="3" branch="False" />
                <line number="258" hits="3" branch="False" />
                <line number="259" hits="3" branch="False" />
                <line number="260" hits="3" branch="True" condition-coverage="50% (1/2)">
                  <conditions>
                    <condition number="34" type="jump" coverage="50%" />
                  </conditions>
                </line>
                <line number="262" hits="2" branch="True" condition-coverage="100% (2/2)">
                  <conditions>
                    <condition number="80" type="jump" coverage="100%" />
                  </conditions>
                </line>
                <line number="263" hits="1" branch="False" />
                <line number="264" hits="1" branch="False" />
                <line number="265" hits="1" branch="False" />
                <line number="267" hits="1" branch="False" />
                <line number="268" hits="1" branch="False" />
                <line number="269" hits="1" branch="False" />
                <line number="270" hits="2" branch="False" />
                <line number="271" hits="1" branch="False" />
                <line number="272" hits="1" branch="False" />
                <line number="273" hits="1" branch="False" />
                <line number="274" hits="1" branch="False" />
                <line number="276" hits="3" branch="False" />
                <line number="277" hits="3" branch="False" />
              </lines>
            </method>
            <method name=".ctor" signature="(InterviewPanelAvailabilitySystemMVC.Infrastructure.IHttpClientService,Microsoft.Extensions.Configuration.IConfiguration,InterviewPanelAvailabilitySystemMVC.Infrastructure.IJwtTokenHandler)" line-rate="1" branch-rate="1" complexity="1">
              <lines>
                <line number="14" hits="26" branch="False" />
                <line number="15" hits="26" branch="False" />
                <line number="16" hits="26" branch="False" />
                <line number="17" hits="26" branch="False" />
                <line number="18" hits="26" branch="False" />
                <line number="19" hits="26" branch="False" />
                <line number="20" hits="26" branch="False" />
              </lines>
            </method>
          </methods>
          <lines>
            <line number="22" hits="6" branch="False" />
            <line number="23" hits="6" branch="False" />
            <line number="24" hits="6" branch="False" />
            <line number="25" hits="6" branch="True" condition-coverage="100% (2/2)">
              <conditions>
                <condition number="18" type="jump" coverage="100%" />
              </conditions>
            </line>
            <line number="27" hits="6" branch="False" />
            <line number="28" hits="6" branch="True" condition-coverage="100% (2/2)">
              <conditions>
                <condition number="116" type="jump" coverage="100%" />
              </conditions>
            </line>
            <line number="29" hits="4" branch="False" />
            <line number="30" hits="4" branch="False" />
            <line number="31" hits="4" branch="False" />
            <line number="32" hits="4" branch="False" />
            <line number="34" hits="2" branch="False" />
            <line number="35" hits="2" branch="False" />
            <line number="36" hits="2" branch="False" />
            <line number="37" hits="2" branch="False" />
            <line number="38" hits="6" branch="False" />
            <line number="39" hits="5" branch="False" />
            <line number="41" hits="5" branch="True" condition-coverage="100% (2/2)">
              <conditions>
                <condition number="434" type="jump" coverage="100%" />
              </conditions>
            </line>
            <line number="42" hits="1" branch="False" />
            <line number="44" hits="1" branch="False" />
            <line number="47" hits="4" branch="False" />
            <line number="48" hits="4" branch="True" condition-coverage="100% (2/2)">
              <conditions>
                <condition number="477" type="jump" coverage="100%" />
              </conditions>
            </line>
            <line number="49" hits="1" branch="False" />
            <line number="51" hits="1" branch="False" />
            <line number="54" hits="3" branch="True" condition-coverage="100% (2/2)">
              <conditions>
                <condition number="510" type="jump" coverage="100%" />
              </conditions>
            </line>
            <line number="55" hits="3" branch="True" condition-coverage="100% (2/2)">
              <conditions>
                <condition number="604" type="jump" coverage="100%" />
              </conditions>
            </line>
            <line number="56" hits="3" branch="True" condition-coverage="100% (2/2)">
              <conditions>
                <condition number="698" type="jump" coverage="100%" />
              </conditions>
            </line>
            <line number="57" hits="3" branch="True" condition-coverage="100% (2/2)">
              <conditions>
                <condition number="793" type="jump" coverage="100%" />
              </conditions>
            </line>
            <line number="59" hits="3" branch="False" />
            <line number="60" hits="3" branch="False" />
            <line number="62" hits="3" branch="True" condition-coverage="100% (4/4)">
              <conditions>
                <condition number="930" type="jump" coverage="100%" />
                <condition number="946" type="jump" coverage="100%" />
              </conditions>
            </line>
            <line number="63" hits="2" branch="False" />
            <line number="64" hits="2" branch="False" />
            <line number="67" hits="1" branch="False" />
            <line number="68" hits="1" branch="False" />
            <line number="71" hits="1" branch="False" />
            <line number="72" hits="1" branch="False" />
            <line number="73" hits="1" branch="False" />
            <line number="74" hits="1" branch="False" />
            <line number="76" hits="6" branch="False" />
            <line number="79" hits="1" branch="False" />
            <line number="80" hits="1" branch="False" />
            <line number="81" hits="1" branch="False" />
            <line number="82" hits="1" branch="False" />
            <line number="83" hits="1" branch="False" />
            <line number="84" hits="1" branch="False" />
            <line number="87" hits="5" branch="False" />
            <line number="88" hits="5" branch="False" />
            <line number="89" hits="5" branch="False" />
            <line number="90" hits="5" branch="True" condition-coverage="100% (2/2)">
              <conditions>
                <condition number="40" type="jump" coverage="100%" />
              </conditions>
            </line>
            <line number="91" hits="4" branch="False" />
            <line number="93" hits="4" branch="False" />
            <line number="94" hits="4" branch="False" />
            <line number="95" hits="4" branch="False" />
            <line number="97" hits="3" branch="True" condition-coverage="100% (2/2)">
              <conditions>
                <condition number="97" type="jump" coverage="100%" />
              </conditions>
            </line>
            <line number="98" hits="1" branch="False" />
            <line number="99" hits="1" branch="False" />
            <line number="100" hits="1" branch="False" />
            <line number="102" hits="1" branch="True" condition-coverage="50% (1/2)">
              <conditions>
                <condition number="140" type="jump" coverage="50%" />
              </conditions>
            </line>
            <line number="103" hits="1" branch="False" />
            <line number="106" hits="2" branch="False" />
            <line number="107" hits="2" branch="False" />
            <line number="108" hits="2" branch="False" />
            <line number="109" hits="2" branch="True" condition-coverage="100% (2/2)">
              <conditions>
                <condition number="213" type="jump" coverage="100%" />
              </conditions>
            </line>
            <line number="110" hits="1" branch="False" />
            <line number="111" hits="1" branch="True" condition-coverage="50% (1/2)">
              <conditions>
                <condition number="229" type="jump" coverage="50%" />
              </conditions>
            </line>
            <line number="112" hits="1" branch="False" />
            <line number="114" hits="1" branch="False" />
            <line number="115" hits="1" branch="False" />
            <line number="116" hits="1" branch="False" />
            <line number="117" hits="2" branch="False" />
            <line number="118" hits="2" branch="False" />
            <line number="119" hits="1" branch="False" />
            <line number="120" hits="1" branch="False" />
            <line number="121" hits="1" branch="False" />
            <line number="122" hits="1" branch="False" />
            <line number="124" hits="2" branch="False" />
            <line number="125" hits="3" branch="False" />
            <line number="126" hits="5" branch="False" />
            <line number="128" hits="12" branch="False" />
            <line number="129" hits="12" branch="False" />
            <line number="131" hits="12" branch="False" />
            <line number="133" hits="12" branch="False" />
            <line number="134" hits="12" branch="False" />
            <line number="136" hits="12" branch="False" />
            <line number="137" hits="12" branch="False" />
            <line number="140" hits="12" branch="False" />
            <line number="141" hits="12" branch="False" />
            <line number="143" hits="12" branch="False" />
            <line number="145" hits="12" branch="False" />
            <line number="146" hits="12" branch="False" />
            <line number="148" hits="12" branch="False" />
            <line number="149" hits="12" branch="False" />
            <line number="154" hits="6" branch="False" />
            <line number="156" hits="6" branch="False" />
            <line number="157" hits="6" branch="False" />
            <line number="158" hits="6" branch="False" />
            <line number="160" hits="5" branch="True" condition-coverage="100% (2/2)">
              <conditions>
                <condition number="58" type="jump" coverage="100%" />
              </conditions>
            </line>
            <line number="161" hits="3" branch="False" />
            <line number="162" hits="3" branch="False" />
            <line number="163" hits="3" branch="False" />
            <line number="165" hits="3" branch="True" condition-coverage="100% (6/6)">
              <conditions>
                <condition number="91" type="jump" coverage="100%" />
                <condition number="100" type="jump" coverage="100%" />
                <condition number="119" type="jump" coverage="100%" />
              </conditions>
            </line>
            <line number="166" hits="2" branch="False" />
            <line number="167" hits="2" branch="False" />
            <line number="168" hits="2" branch="False" />
            <line number="169" hits="2" branch="True" condition-coverage="100% (2/2)">
              <conditions>
                <condition number="146" type="jump" coverage="100%" />
              </conditions>
            </line>
            <line number="171" hits="2" branch="True" condition-coverage="100% (2/2)">
              <conditions>
                <condition number="241" type="jump" coverage="100%" />
              </conditions>
            </line>
            <line number="172" hits="2" branch="True" condition-coverage="100% (2/2)">
              <conditions>
                <condition number="336" type="jump" coverage="100%" />
              </conditions>
            </line>
            <line number="173" hits="2" branch="True" condition-coverage="100% (2/2)">
              <conditions>
                <condition number="441" type="jump" coverage="100%" />
              </conditions>
            </line>
            <line number="174" hits="2" branch="False" />
            <line number="177" hits="1" branch="False" />
            <line number="178" hits="1" branch="False" />
            <line number="179" hits="1" branch="False" />
            <line number="183" hits="2" branch="False" />
            <line number="184" hits="2" branch="False" />
            <line number="185" hits="2" branch="False" />
            <line number="187" hits="2" branch="True" condition-coverage="100% (2/2)">
              <conditions>
                <condition number="641" type="jump" coverage="100%" />
              </conditions>
            </line>
            <line number="188" hits="1" branch="False" />
            <line number="189" hits="1" branch="False" />
            <line number="190" hits="1" branch="False" />
            <line number="192" hits="1" branch="False" />
            <line number="193" hits="1" branch="False" />
            <line number="194" hits="1" branch="False" />
            <line number="196" hits="2" branch="False" />
            <line number="199" hits="1" branch="False" />
            <line number="200" hits="1" branch="False" />
            <line number="201" hits="1" branch="False" />
            <line number="202" hits="1" branch="False" />
            <line number="206" hits="6" branch="False" />
            <line number="210" hits="5" branch="False" />
            <line number="211" hits="5" branch="True" condition-coverage="100% (2/2)">
              <conditions>
                <condition number="14" type="jump" coverage="100%" />
              </conditions>
            </line>
            <line number="212" hits="5" branch="False" />
            <line number="214" hits="5" branch="False" />
            <line number="215" hits="5" branch="False" />
            <line number="216" hits="5" branch="False" />
            <line number="218" hits="4" branch="True" condition-coverage="100% (2/2)">
              <conditions>
                <condition number="75" type="jump" coverage="100%" />
              </conditions>
            </line>
            <line number="219" hits="1" branch="False" />
            <line number="220" hits="1" branch="False" />
            <line number="221" hits="1" branch="False" />
            <line number="222" hits="1" branch="True" condition-coverage="50% (1/2)">
              <conditions>
                <condition number="119" type="jump" coverage="50%" />
              </conditions>
            </line>
            <line number="223" hits="1" branch="False" />
            <line number="226" hits="3" branch="False" />
            <line number="227" hits="3" branch="False" />
            <line number="228" hits="3" branch="False" />
            <line number="230" hits="3" branch="True" condition-coverage="100% (2/2)">
              <conditions>
                <condition number="193" type="jump" coverage="100%" />
              </conditions>
            </line>
            <line number="231" hits="1" branch="False" />
            <line number="232" hits="1" branch="True" condition-coverage="50% (1/2)">
              <conditions>
                <condition number="209" type="jump" coverage="50%" />
              </conditions>
            </line>
            <line number="233" hits="1" branch="False" />
            <line number="235" hits="2" branch="False" />
            <line number="236" hits="2" branch="False" />
            <line number="237" hits="2" branch="False" />
            <line number="238" hits="3" branch="False" />
            <line number="239" hits="3" branch="False" />
            <line number="240" hits="1" branch="False" />
            <line number="241" hits="1" branch="False" />
            <line number="242" hits="1" branch="False" />
            <line number="243" hits="1" branch="False" />
            <line number="245" hits="4" branch="False" />
            <line number="246" hits="4" branch="False" />
            <line number="247" hits="4" branch="False" />
            <line number="248" hits="4" branch="True" condition-coverage="100% (2/2)">
              <conditions>
                <condition number="306" type="jump" coverage="100%" />
              </conditions>
            </line>
            <line number="249" hits="4" branch="True" condition-coverage="100% (2/2)">
              <conditions>
                <condition number="400" type="jump" coverage="100%" />
              </conditions>
            </line>
            <line number="250" hits="4" branch="False" />
            <line number="251" hits="5" branch="False" />
            <line number="256" hits="3" branch="False" />
            <line number="258" hits="3" branch="False" />
            <line number="259" hits="3" branch="False" />
            <line number="260" hits="3" branch="True" condition-coverage="50% (1/2)">
              <conditions>
                <condition number="34" type="jump" coverage="50%" />
              </conditions>
            </line>
            <line number="262" hits="2" branch="True" condition-coverage="100% (2/2)">
              <conditions>
                <condition number="80" type="jump" coverage="100%" />
              </conditions>
            </line>
            <line number="263" hits="1" branch="False" />
            <line number="264" hits="1" branch="False" />
            <line number="265" hits="1" branch="False" />
            <line number="267" hits="1" branch="False" />
            <line number="268" hits="1" branch="False" />
            <line number="269" hits="1" branch="False" />
            <line number="270" hits="2" branch="False" />
            <line number="271" hits="1" branch="False" />
            <line number="272" hits="1" branch="False" />
            <line number="273" hits="1" branch="False" />
            <line number="274" hits="1" branch="False" />
            <line number="276" hits="3" branch="False" />
            <line number="277" hits="3" branch="False" />
            <line number="14" hits="26" branch="False" />
            <line number="15" hits="26" branch="False" />
            <line number="16" hits="26" branch="False" />
            <line number="17" hits="26" branch="False" />
            <line number="18" hits="26" branch="False" />
            <line number="19" hits="26" branch="False" />
            <line number="20" hits="26" branch="False" />
          </lines>
        </class>
        <class name="InterviewPanelAvailabilitySystemMVC.Controllers.AuthController" filename="Repos\Alpha\InterviewPanelAvailabilitySystem\InterviewPanelAvailabilitySystemMVC\Controllers\AuthController.cs" line-rate="0.9918" branch-rate="0.7666" complexity="34">
          <methods>
            <method name="LoginUser" signature="()" line-rate="1" branch-rate="1" complexity="1">
              <lines>
                <line number="23" hits="1" branch="False" />
                <line number="24" hits="1" branch="False" />
                <line number="25" hits="1" branch="False" />
              </lines>
            </method>
            <method name="LoginUser" signature="(InterviewPanelAvailabilitySystemMVC.ViewModels.LoginViewModel)" line-rate="0.9861" branch-rate="0.75" complexity="20">
              <lines>
                <line number="28" hits="8" branch="False" />
                <line number="29" hits="8" branch="True" condition-coverage="100% (2/2)">
                  <conditions>
                    <condition number="14" type="jump" coverage="100%" />
                  </conditions>
                </line>
                <line number="30" hits="7" branch="False" />
                <line number="32" hits="7" branch="False" />
                <line number="33" hits="7" branch="False" />
                <line number="34" hits="7" branch="False" />
                <line number="35" hits="5" branch="True" condition-coverage="100% (2/2)">
                  <conditions>
                    <condition number="71" type="jump" coverage="100%" />
                  </conditions>
                </line>
                <line number="36" hits="3" branch="False" />
                <line number="37" hits="3" branch="False" />
                <line number="38" hits="3" branch="False" />
                <line number="39" hits="3" branch="False" />
                <line number="40" hits="3" branch="False" />
                <line number="41" hits="3" branch="False" />
                <line number="42" hits="3" branch="False" />
                <line number="43" hits="3" branch="False" />
                <line number="44" hits="3" branch="False" />
                <line number="45" hits="3" branch="False" />
                <line number="46" hits="3" branch="False" />
                <line number="48" hits="3" branch="False" />
                <line number="49" hits="6" branch="False" />
                <line number="50" hits="3" branch="False" />
                <line number="51" hits="3" branch="False" />
                <line number="52" hits="3" branch="False" />
                <line number="53" hits="3" branch="False" />
                <line number="54" hits="3" branch="False" />
                <line number="55" hits="3" branch="False" />
                <line number="56" hits="3" branch="False" />
                <line number="58" hits="3" branch="False" />
                <line number="59" hits="3" branch="True" condition-coverage="100% (2/2)">
                  <conditions>
                    <condition number="382" type="jump" coverage="100%" />
                  </conditions>
                </line>
                <line number="60" hits="3" branch="False" />
                <line number="62" hits="3" branch="False" />
                <line number="63" hits="3" branch="False" />
                <line number="64" hits="3" branch="False" />
                <line number="66" hits="2" branch="True" condition-coverage="50% (1/2)">
                  <conditions>
                    <condition number="451" type="jump" coverage="50%" />
                  </conditions>
                </line>
                <line number="67" hits="2" branch="False" />
                <line number="68" hits="2" branch="False" />
                <line number="69" hits="2" branch="False" />
                <line number="71" hits="2" branch="True" condition-coverage="62.5% (5/8)">
                  <conditions>
                    <condition number="484" type="jump" coverage="50%" />
                    <condition number="493" type="jump" coverage="50%" />
                    <condition number="502" type="jump" coverage="50%" />
                    <condition number="523" type="jump" coverage="100%" />
                  </conditions>
                </line>
                <line number="72" hits="1" branch="False" />
                <line number="73" hits="1" branch="False" />
                <line number="76" hits="1" branch="False" />
                <line number="77" hits="1" branch="False" />
                <line number="80" hits="0" branch="False" />
                <line number="81" hits="1" branch="False" />
                <line number="82" hits="1" branch="False" />
                <line number="83" hits="1" branch="False" />
                <line number="84" hits="1" branch="False" />
                <line number="85" hits="1" branch="False" />
                <line number="86" hits="1" branch="False" />
                <line number="88" hits="2" branch="False" />
                <line number="89" hits="2" branch="False" />
                <line number="90" hits="2" branch="False" />
                <line number="91" hits="2" branch="True" condition-coverage="100% (2/2)">
                  <conditions>
                    <condition number="645" type="jump" coverage="100%" />
                  </conditions>
                </line>
                <line number="92" hits="1" branch="False" />
                <line number="93" hits="1" branch="True" condition-coverage="50% (1/2)">
                  <conditions>
                    <condition number="661" type="jump" coverage="50%" />
                  </conditions>
                </line>
                <line number="94" hits="1" branch="False" />
                <line number="96" hits="1" branch="False" />
                <line number="97" hits="1" branch="False" />
                <line number="98" hits="1" branch="False" />
                <line number="99" hits="2" branch="False" />
                <line number="100" hits="3" branch="False" />
                <line number="101" hits="1" branch="False" />
                <line number="102" hits="1" branch="False" />
                <line number="103" hits="1" branch="False" />
                <line number="104" hits="1" branch="False" />
                <line number="105" hits="1" branch="False" />
                <line number="106" hits="1" branch="False" />
                <line number="107" hits="1" branch="False" />
                <line number="108" hits="1" branch="False" />
                <line number="109" hits="5" branch="False" />
                <line number="110" hits="6" branch="False" />
                <line number="111" hits="8" branch="False" />
              </lines>
            </method>
            <method name="LogoutUser" signature="()" line-rate="1" branch-rate="1" complexity="1">
              <lines>
                <line number="114" hits="1" branch="False" />
                <line number="115" hits="1" branch="False" />
                <line number="116" hits="1" branch="False" />
                <line number="117" hits="1" branch="False" />
                <line number="118" hits="1" branch="False" />
              </lines>
            </method>
            <method name="ChangePassword" signature="()" line-rate="1" branch-rate="1" complexity="1">
              <lines>
                <line number="121" hits="1" branch="False" />
                <line number="122" hits="1" branch="False" />
                <line number="123" hits="1" branch="False" />
              </lines>
            </method>
            <method name="ChangePassword" signature="(InterviewPanelAvailabilitySystemMVC.ViewModels.ChangePasswordViewModel)" line-rate="1" branch-rate="0.8" complexity="10">
              <lines>
                <line number="126" hits="5" branch="False" />
                <line number="127" hits="5" branch="True" condition-coverage="100% (2/2)">
                  <conditions>
                    <condition number="14" type="jump" coverage="100%" />
                  </conditions>
                </line>
                <line number="128" hits="4" branch="False" />
                <line number="130" hits="4" branch="False" />
                <line number="131" hits="4" branch="False" />
                <line number="132" hits="4" branch="False" />
                <line number="134" hits="3" branch="True" condition-coverage="100% (2/2)">
                  <conditions>
                    <condition number="71" type="jump" coverage="100%" />
                  </conditions>
                </line>
                <line number="135" hits="1" branch="False" />
                <line number="136" hits="1" branch="False" />
                <line number="137" hits="1" branch="False" />
                <line number="138" hits="1" branch="True" condition-coverage="50% (1/2)">
                  <conditions>
                    <condition number="114" type="jump" coverage="50%" />
                  </conditions>
                </line>
                <line number="140" hits="1" branch="False" />
                <line number="141" hits="1" branch="False" />
                <line number="144" hits="2" branch="False" />
                <line number="145" hits="2" branch="False" />
                <line number="146" hits="2" branch="False" />
                <line number="148" hits="2" branch="True" condition-coverage="100% (2/2)">
                  <conditions>
                    <condition number="214" type="jump" coverage="100%" />
                  </conditions>
                </line>
                <line number="149" hits="1" branch="False" />
                <line number="150" hits="1" branch="True" condition-coverage="50% (1/2)">
                  <conditions>
                    <condition number="230" type="jump" coverage="50%" />
                  </conditions>
                </line>
                <line number="151" hits="1" branch="False" />
                <line number="153" hits="1" branch="False" />
                <line number="154" hits="1" branch="False" />
                <line number="155" hits="1" branch="False" />
                <line number="156" hits="2" branch="False" />
                <line number="157" hits="2" branch="False" />
                <line number="158" hits="1" branch="False" />
                <line number="159" hits="1" branch="False" />
                <line number="160" hits="1" branch="False" />
                <line number="161" hits="1" branch="False" />
                <line number="162" hits="3" branch="False" />
                <line number="163" hits="4" branch="False" />
                <line number="164" hits="5" branch="False" />
              </lines>
            </method>
            <method name=".ctor" signature="(InterviewPanelAvailabilitySystemMVC.Infrastructure.IHttpClientService,Microsoft.Extensions.Configuration.IConfiguration,InterviewPanelAvailabilitySystemMVC.Infrastructure.IJwtTokenHandler)" line-rate="1" branch-rate="1" complexity="1">
              <lines>
                <line number="14" hits="16" branch="False" />
                <line number="15" hits="16" branch="False" />
                <line number="16" hits="16" branch="False" />
                <line number="17" hits="16" branch="False" />
                <line number="18" hits="16" branch="False" />
                <line number="19" hits="16" branch="False" />
                <line number="20" hits="16" branch="False" />
              </lines>
            </method>
          </methods>
          <lines>
            <line number="23" hits="1" branch="False" />
            <line number="24" hits="1" branch="False" />
            <line number="25" hits="1" branch="False" />
            <line number="28" hits="8" branch="False" />
            <line number="29" hits="8" branch="True" condition-coverage="100% (2/2)">
              <conditions>
                <condition number="14" type="jump" coverage="100%" />
              </conditions>
            </line>
            <line number="30" hits="7" branch="False" />
            <line number="32" hits="7" branch="False" />
            <line number="33" hits="7" branch="False" />
            <line number="34" hits="7" branch="False" />
            <line number="35" hits="5" branch="True" condition-coverage="100% (2/2)">
              <conditions>
                <condition number="71" type="jump" coverage="100%" />
              </conditions>
            </line>
            <line number="36" hits="3" branch="False" />
            <line number="37" hits="3" branch="False" />
            <line number="38" hits="3" branch="False" />
            <line number="39" hits="3" branch="False" />
            <line number="40" hits="3" branch="False" />
            <line number="41" hits="3" branch="False" />
            <line number="42" hits="3" branch="False" />
            <line number="43" hits="3" branch="False" />
            <line number="44" hits="3" branch="False" />
            <line number="45" hits="3" branch="False" />
            <line number="46" hits="3" branch="False" />
            <line number="48" hits="3" branch="False" />
            <line number="49" hits="6" branch="False" />
            <line number="50" hits="3" branch="False" />
            <line number="51" hits="3" branch="False" />
            <line number="52" hits="3" branch="False" />
            <line number="53" hits="3" branch="False" />
            <line number="54" hits="3" branch="False" />
            <line number="55" hits="3" branch="False" />
            <line number="56" hits="3" branch="False" />
            <line number="58" hits="3" branch="False" />
            <line number="59" hits="3" branch="True" condition-coverage="100% (2/2)">
              <conditions>
                <condition number="382" type="jump" coverage="100%" />
              </conditions>
            </line>
            <line number="60" hits="3" branch="False" />
            <line number="62" hits="3" branch="False" />
            <line number="63" hits="3" branch="False" />
            <line number="64" hits="3" branch="False" />
            <line number="66" hits="2" branch="True" condition-coverage="50% (1/2)">
              <conditions>
                <condition number="451" type="jump" coverage="50%" />
              </conditions>
            </line>
            <line number="67" hits="2" branch="False" />
            <line number="68" hits="2" branch="False" />
            <line number="69" hits="2" branch="False" />
            <line number="71" hits="2" branch="True" condition-coverage="62.5% (5/8)">
              <conditions>
                <condition number="484" type="jump" coverage="50%" />
                <condition number="493" type="jump" coverage="50%" />
                <condition number="502" type="jump" coverage="50%" />
                <condition number="523" type="jump" coverage="100%" />
              </conditions>
            </line>
            <line number="72" hits="1" branch="False" />
            <line number="73" hits="1" branch="False" />
            <line number="76" hits="1" branch="False" />
            <line number="77" hits="1" branch="False" />
            <line number="80" hits="0" branch="False" />
            <line number="81" hits="1" branch="False" />
            <line number="82" hits="1" branch="False" />
            <line number="83" hits="1" branch="False" />
            <line number="84" hits="1" branch="False" />
            <line number="85" hits="1" branch="False" />
            <line number="86" hits="1" branch="False" />
            <line number="88" hits="2" branch="False" />
            <line number="89" hits="2" branch="False" />
            <line number="90" hits="2" branch="False" />
            <line number="91" hits="2" branch="True" condition-coverage="100% (2/2)">
              <conditions>
                <condition number="645" type="jump" coverage="100%" />
              </conditions>
            </line>
            <line number="92" hits="1" branch="False" />
            <line number="93" hits="1" branch="True" condition-coverage="50% (1/2)">
              <conditions>
                <condition number="661" type="jump" coverage="50%" />
              </conditions>
            </line>
            <line number="94" hits="1" branch="False" />
            <line number="96" hits="1" branch="False" />
            <line number="97" hits="1" branch="False" />
            <line number="98" hits="1" branch="False" />
            <line number="99" hits="2" branch="False" />
            <line number="100" hits="3" branch="False" />
            <line number="101" hits="1" branch="False" />
            <line number="102" hits="1" branch="False" />
            <line number="103" hits="1" branch="False" />
            <line number="104" hits="1" branch="False" />
            <line number="105" hits="1" branch="False" />
            <line number="106" hits="1" branch="False" />
            <line number="107" hits="1" branch="False" />
            <line number="108" hits="1" branch="False" />
            <line number="109" hits="5" branch="False" />
            <line number="110" hits="6" branch="False" />
            <line number="111" hits="8" branch="False" />
            <line number="114" hits="1" branch="False" />
            <line number="115" hits="1" branch="False" />
            <line number="116" hits="1" branch="False" />
            <line number="117" hits="1" branch="False" />
            <line number="118" hits="1" branch="False" />
            <line number="121" hits="1" branch="False" />
            <line number="122" hits="1" branch="False" />
            <line number="123" hits="1" branch="False" />
            <line number="126" hits="5" branch="False" />
            <line number="127" hits="5" branch="True" condition-coverage="100% (2/2)">
              <conditions>
                <condition number="14" type="jump" coverage="100%" />
              </conditions>
            </line>
            <line number="128" hits="4" branch="False" />
            <line number="130" hits="4" branch="False" />
            <line number="131" hits="4" branch="False" />
            <line number="132" hits="4" branch="False" />
            <line number="134" hits="3" branch="True" condition-coverage="100% (2/2)">
              <conditions>
                <condition number="71" type="jump" coverage="100%" />
              </conditions>
            </line>
            <line number="135" hits="1" branch="False" />
            <line number="136" hits="1" branch="False" />
            <line number="137" hits="1" branch="False" />
            <line number="138" hits="1" branch="True" condition-coverage="50% (1/2)">
              <conditions>
                <condition number="114" type="jump" coverage="50%" />
              </conditions>
            </line>
            <line number="140" hits="1" branch="False" />
            <line number="141" hits="1" branch="False" />
            <line number="144" hits="2" branch="False" />
            <line number="145" hits="2" branch="False" />
            <line number="146" hits="2" branch="False" />
            <line number="148" hits="2" branch="True" condition-coverage="100% (2/2)">
              <conditions>
                <condition number="214" type="jump" coverage="100%" />
              </conditions>
            </line>
            <line number="149" hits="1" branch="False" />
            <line number="150" hits="1" branch="True" condition-coverage="50% (1/2)">
              <conditions>
                <condition number="230" type="jump" coverage="50%" />
              </conditions>
            </line>
            <line number="151" hits="1" branch="False" />
            <line number="153" hits="1" branch="False" />
            <line number="154" hits="1" branch="False" />
            <line number="155" hits="1" branch="False" />
            <line number="156" hits="2" branch="False" />
            <line number="157" hits="2" branch="False" />
            <line number="158" hits="1" branch="False" />
            <line number="159" hits="1" branch="False" />
            <line number="160" hits="1" branch="False" />
            <line number="161" hits="1" branch="False" />
            <line number="162" hits="3" branch="False" />
            <line number="163" hits="4" branch="False" />
            <line number="164" hits="5" branch="False" />
            <line number="14" hits="16" branch="False" />
            <line number="15" hits="16" branch="False" />
            <line number="16" hits="16" branch="False" />
            <line number="17" hits="16" branch="False" />
            <line number="18" hits="16" branch="False" />
            <line number="19" hits="16" branch="False" />
            <line number="20" hits="16" branch="False" />
          </lines>
        </class>
        <class name="InterviewPanelAvailabilitySystemMVC.Controllers.InterviewerController" filename="Repos\Alpha\InterviewPanelAvailabilitySystem\InterviewPanelAvailabilitySystemMVC\Controllers\InterviewerController.cs" line-rate="1" branch-rate="1" complexity="1">
          <methods>
            <method name="Index" signature="()" line-rate="1" branch-rate="1" complexity="1">
              <lines>
                <line number="10" hits="2" branch="False" />
                <line number="12" hits="2" branch="False" />
                <line number="13" hits="2" branch="False" />
                <line number="15" hits="1" branch="False" />
                <line number="16" hits="1" branch="False" />
                <line number="17" hits="1" branch="False" />
                <line number="18" hits="1" branch="False" />
                <line number="20" hits="2" branch="False" />
              </lines>
            </method>
          </methods>
          <lines>
            <line number="10" hits="2" branch="False" />
            <line number="12" hits="2" branch="False" />
            <line number="13" hits="2" branch="False" />
            <line number="15" hits="1" branch="False" />
            <line number="16" hits="1" branch="False" />
            <line number="17" hits="1" branch="False" />
            <line number="18" hits="1" branch="False" />
            <line number="20" hits="2" branch="False" />
          </lines>
        </class>
        <class name="InterviewPanelAvailabilitySystemMVC.Controllers.RecruiterController" filename="Repos\Alpha\InterviewPanelAvailabilitySystem\InterviewPanelAvailabilitySystemMVC\Controllers\RecruiterController.cs" line-rate="1" branch-rate="0.9787" complexity="97">
          <methods>
            <method name="Index" signature="(System.Nullable`1&lt;System.Int32&gt;,System.Nullable`1&lt;System.Int32&gt;,System.Int32,System.Int32,System.String,System.String)" line-rate="1" branch-rate="0.975" complexity="80">
              <lines>
                <line number="21" hits="10" branch="False" />
                <line number="22" hits="10" branch="False" />
                <line number="23" hits="10" branch="False" />
                <line number="25" hits="10" branch="False" />
                <line number="26" hits="10" branch="False" />
                <line number="27" hits="10" branch="True" condition-coverage="100% (6/6)">
                  <conditions>
                    <condition number="27" type="jump" coverage="100%" />
                    <condition number="36" type="jump" coverage="100%" />
                    <condition number="50" type="jump" coverage="100%" />
                  </conditions>
                </line>
                <line number="28" hits="2" branch="False" />
                <line number="29" hits="2" branch="False" />
                <line number="30" hits="2" branch="False" />
                <line number="31" hits="2" branch="False" />
                <line number="32" hits="8" branch="True" condition-coverage="100% (6/6)">
                  <conditions>
                    <condition number="183" type="jump" coverage="100%" />
                    <condition number="192" type="jump" coverage="100%" />
                    <condition number="206" type="jump" coverage="100%" />
                  </conditions>
                </line>
                <line number="33" hits="1" branch="False" />
                <line number="34" hits="1" branch="False" />
                <line number="35" hits="1" branch="False" />
                <line number="36" hits="1" branch="False" />
                <line number="37" hits="7" branch="True" condition-coverage="100% (6/6)">
                  <conditions>
                    <condition number="401" type="jump" coverage="100%" />
                    <condition number="410" type="jump" coverage="100%" />
                    <condition number="424" type="jump" coverage="100%" />
                  </conditions>
                </line>
                <line number="38" hits="1" branch="False" />
                <line number="39" hits="1" branch="False" />
                <line number="40" hits="1" branch="False" />
                <line number="41" hits="1" branch="False" />
                <line number="42" hits="6" branch="True" condition-coverage="100% (6/6)">
                  <conditions>
                    <condition number="619" type="jump" coverage="100%" />
                    <condition number="628" type="jump" coverage="100%" />
                    <condition number="642" type="jump" coverage="100%" />
                  </conditions>
                </line>
                <line number="43" hits="1" branch="False" />
                <line number="44" hits="1" branch="False" />
                <line number="45" hits="1" branch="False" />
                <line number="46" hits="1" branch="False" />
                <line number="47" hits="5" branch="True" condition-coverage="100% (6/6)">
                  <conditions>
                    <condition number="881" type="jump" coverage="100%" />
                    <condition number="890" type="jump" coverage="100%" />
                    <condition number="904" type="jump" coverage="100%" />
                  </conditions>
                </line>
                <line number="48" hits="1" branch="False" />
                <line number="49" hits="1" branch="False" />
                <line number="50" hits="1" branch="False" />
                <line number="51" hits="1" branch="False" />
                <line number="52" hits="4" branch="True" condition-coverage="100% (6/6)">
                  <conditions>
                    <condition number="1065" type="jump" coverage="100%" />
                    <condition number="1074" type="jump" coverage="100%" />
                    <condition number="1088" type="jump" coverage="100%" />
                  </conditions>
                </line>
                <line number="53" hits="1" branch="False" />
                <line number="54" hits="1" branch="False" />
                <line number="55" hits="1" branch="False" />
                <line number="56" hits="1" branch="False" />
                <line number="57" hits="3" branch="True" condition-coverage="100% (6/6)">
                  <conditions>
                    <condition number="1329" type="jump" coverage="100%" />
                    <condition number="1338" type="jump" coverage="100%" />
                    <condition number="1352" type="jump" coverage="100%" />
                  </conditions>
                </line>
                <line number="58" hits="1" branch="False" />
                <line number="59" hits="1" branch="False" />
                <line number="60" hits="1" branch="False" />
                <line number="61" hits="1" branch="False" />
                <line number="62" hits="2" branch="True" condition-coverage="66.66% (4/6)">
                  <conditions>
                    <condition number="1593" type="jump" coverage="50%" />
                    <condition number="1602" type="jump" coverage="50%" />
                    <condition number="1616" type="jump" coverage="100%" />
                  </conditions>
                </line>
                <line number="63" hits="2" branch="False" />
                <line number="64" hits="2" branch="False" />
                <line number="65" hits="2" branch="False" />
                <line number="66" hits="2" branch="False" />
                <line number="67" hits="10" branch="False" />
                <line number="68" hits="9" branch="False" />
                <line number="69" hits="9" branch="False" />
                <line number="70" hits="9" branch="True" condition-coverage="100% (2/2)">
                  <conditions>
                    <condition number="1923" type="jump" coverage="100%" />
                  </conditions>
                </line>
                <line number="71" hits="9" branch="True" condition-coverage="100% (2/2)">
                  <conditions>
                    <condition number="2017" type="jump" coverage="100%" />
                  </conditions>
                </line>
                <line number="72" hits="9" branch="True" condition-coverage="100% (2/2)">
                  <conditions>
                    <condition number="2112" type="jump" coverage="100%" />
                  </conditions>
                </line>
                <line number="73" hits="9" branch="True" condition-coverage="100% (2/2)">
                  <conditions>
                    <condition number="2207" type="jump" coverage="100%" />
                  </conditions>
                </line>
                <line number="74" hits="9" branch="True" condition-coverage="100% (2/2)">
                  <conditions>
                    <condition number="2302" type="jump" coverage="100%" />
                  </conditions>
                </line>
                <line number="75" hits="9" branch="True" condition-coverage="100% (2/2)">
                  <conditions>
                    <condition number="2397" type="jump" coverage="100%" />
                  </conditions>
                </line>
                <line number="76" hits="9" branch="True" condition-coverage="100% (2/2)">
                  <conditions>
                    <condition number="2491" type="jump" coverage="100%" />
                  </conditions>
                </line>
                <line number="77" hits="9" branch="True" condition-coverage="100% (2/2)">
                  <conditions>
                    <condition number="2585" type="jump" coverage="100%" />
                  </conditions>
                </line>
                <line number="81" hits="9" branch="False" />
                <line number="83" hits="9" branch="False" />
                <line number="84" hits="9" branch="False" />
                <line number="85" hits="9" branch="True" condition-coverage="100% (2/2)">
                  <conditions>
                    <condition number="2737" type="jump" coverage="100%" />
                  </conditions>
                </line>
                <line number="86" hits="5" branch="False" />
                <line number="87" hits="5" branch="False" />
                <line number="89" hits="4" branch="False" />
                <line number="90" hits="4" branch="True" condition-coverage="100% (2/2)">
                  <conditions>
                    <condition number="2782" type="jump" coverage="100%" />
                  </conditions>
                </line>
                <line number="91" hits="1" branch="False" />
                <line number="93" hits="1" branch="True" condition-coverage="100% (8/8)">
                  <conditions>
                    <condition number="2802" type="jump" coverage="100%" />
                    <condition number="2884" type="jump" coverage="100%" />
                    <condition number="2966" type="jump" coverage="100%" />
                    <condition number="3048" type="jump" coverage="100%" />
                  </conditions>
                </line>
                <line number="95" hits="3" branch="True" condition-coverage="100% (2/2)">
                  <conditions>
                    <condition number="3147" type="jump" coverage="100%" />
                  </conditions>
                </line>
                <line number="97" hits="3" branch="True" condition-coverage="100% (2/2)">
                  <conditions>
                    <condition number="3247" type="jump" coverage="100%" />
                  </conditions>
                </line>
                <line number="98" hits="2" branch="False" />
                <line number="99" hits="2" branch="False" />
                <line number="102" hits="1" branch="False" />
                <line number="104" hits="1" branch="False" />
                <line number="105" hits="1" branch="False" />
                <line number="106" hits="1" branch="False" />
                <line number="107" hits="1" branch="False" />
                <line number="109" hits="10" branch="False" />
              </lines>
            </method>
            <method name="UpdateInterviewSlot" signature="(System.Int32)" line-rate="1" branch-rate="1" complexity="10">
              <lines>
                <line number="112" hits="5" branch="False" />
                <line number="114" hits="5" branch="False" />
                <line number="115" hits="5" branch="False" />
                <line number="116" hits="5" branch="False" />
                <line number="117" hits="4" branch="True" condition-coverage="100% (2/2)">
                  <conditions>
                    <condition number="58" type="jump" coverage="100%" />
                  </conditions>
                </line>
                <line number="118" hits="2" branch="False" />
                <line number="119" hits="2" branch="False" />
                <line number="120" hits="2" branch="False" />
                <line number="121" hits="2" branch="True" condition-coverage="100% (6/6)">
                  <conditions>
                    <condition number="88" type="jump" coverage="100%" />
                    <condition number="97" type="jump" coverage="100%" />
                    <condition number="116" type="jump" coverage="100%" />
                  </conditions>
                </line>
                <line number="122" hits="1" branch="False" />
                <line number="123" hits="1" branch="False" />
                <line number="124" hits="1" branch="False" />
                <line number="127" hits="1" branch="False" />
                <line number="128" hits="1" branch="False" />
                <line number="129" hits="1" branch="False" />
                <line number="133" hits="2" branch="False" />
                <line number="134" hits="2" branch="False" />
                <line number="135" hits="2" branch="False" />
                <line number="136" hits="2" branch="True" condition-coverage="100% (2/2)">
                  <conditions>
                    <condition number="221" type="jump" coverage="100%" />
                  </conditions>
                </line>
                <line number="137" hits="1" branch="False" />
                <line number="138" hits="1" branch="False" />
                <line number="139" hits="1" branch="False" />
                <line number="141" hits="1" branch="False" />
                <line number="142" hits="1" branch="False" />
                <line number="143" hits="1" branch="False" />
                <line number="144" hits="2" branch="False" />
                <line number="147" hits="1" branch="False" />
                <line number="148" hits="1" branch="False" />
                <line number="149" hits="1" branch="False" />
                <line number="150" hits="1" branch="False" />
                <line number="153" hits="5" branch="False" />
              </lines>
            </method>
            <method name="UpdateInterviewSlot" signature="(InterviewPanelAvailabilitySystemMVC.ViewModels.InterviewSlotsViewModel)" line-rate="1" branch-rate="1" complexity="4">
              <lines>
                <line number="157" hits="4" branch="False" />
                <line number="159" hits="4" branch="False" />
                <line number="160" hits="4" branch="False" />
                <line number="161" hits="4" branch="False" />
                <line number="162" hits="3" branch="True" condition-coverage="100% (2/2)">
                  <conditions>
                    <condition number="52" type="jump" coverage="100%" />
                  </conditions>
                </line>
                <line number="163" hits="1" branch="False" />
                <line number="164" hits="1" branch="False" />
                <line number="165" hits="1" branch="False" />
                <line number="166" hits="1" branch="False" />
                <line number="167" hits="1" branch="False" />
                <line number="170" hits="2" branch="False" />
                <line number="171" hits="2" branch="False" />
                <line number="172" hits="2" branch="False" />
                <line number="173" hits="2" branch="True" condition-coverage="100% (2/2)">
                  <conditions>
                    <condition number="159" type="jump" coverage="100%" />
                  </conditions>
                </line>
                <line number="174" hits="1" branch="False" />
                <line number="175" hits="1" branch="False" />
                <line number="176" hits="1" branch="False" />
                <line number="178" hits="1" branch="False" />
                <line number="179" hits="1" branch="False" />
                <line number="180" hits="1" branch="False" />
                <line number="181" hits="2" branch="False" />
                <line number="182" hits="2" branch="False" />
                <line number="184" hits="1" branch="False" />
                <line number="185" hits="1" branch="False" />
                <line number="186" hits="1" branch="False" />
                <line number="187" hits="1" branch="False" />
                <line number="189" hits="4" branch="False" />
              </lines>
            </method>
            <method name="GetJobRoles" signature="()" line-rate="1" branch-rate="1" complexity="1">
              <lines>
                <line number="191" hits="9" branch="False" />
                <line number="192" hits="9" branch="False" />
                <line number="194" hits="9" branch="False" />
                <line number="196" hits="9" branch="False" />
                <line number="197" hits="9" branch="False" />
                <line number="199" hits="9" branch="False" />
                <line number="200" hits="9" branch="False" />
              </lines>
            </method>
            <method name="GetInterviewRounds" signature="()" line-rate="1" branch-rate="1" complexity="1">
              <lines>
                <line number="203" hits="9" branch="False" />
                <line number="204" hits="9" branch="False" />
                <line number="206" hits="9" branch="False" />
                <line number="208" hits="9" branch="False" />
                <line number="209" hits="9" branch="False" />
                <line number="211" hits="9" branch="False" />
                <line number="212" hits="9" branch="False" />
              </lines>
            </method>
            <method name=".ctor" signature="(InterviewPanelAvailabilitySystemMVC.Infrastructure.IHttpClientService,Microsoft.Extensions.Configuration.IConfiguration)" line-rate="1" branch-rate="1" complexity="1">
              <lines>
                <line number="14" hits="19" branch="False" />
                <line number="15" hits="19" branch="False" />
                <line number="16" hits="19" branch="False" />
                <line number="17" hits="19" branch="False" />
                <line number="18" hits="19" branch="False" />
                <line number="19" hits="19" branch="False" />
              </lines>
            </method>
          </methods>
          <lines>
            <line number="21" hits="10" branch="False" />
            <line number="22" hits="10" branch="False" />
            <line number="23" hits="10" branch="False" />
            <line number="25" hits="10" branch="False" />
            <line number="26" hits="10" branch="False" />
            <line number="27" hits="10" branch="True" condition-coverage="100% (6/6)">
              <conditions>
                <condition number="27" type="jump" coverage="100%" />
                <condition number="36" type="jump" coverage="100%" />
                <condition number="50" type="jump" coverage="100%" />
              </conditions>
            </line>
            <line number="28" hits="2" branch="False" />
            <line number="29" hits="2" branch="False" />
            <line number="30" hits="2" branch="False" />
            <line number="31" hits="2" branch="False" />
            <line number="32" hits="8" branch="True" condition-coverage="100% (6/6)">
              <conditions>
                <condition number="183" type="jump" coverage="100%" />
                <condition number="192" type="jump" coverage="100%" />
                <condition number="206" type="jump" coverage="100%" />
              </conditions>
            </line>
            <line number="33" hits="1" branch="False" />
            <line number="34" hits="1" branch="False" />
            <line number="35" hits="1" branch="False" />
            <line number="36" hits="1" branch="False" />
            <line number="37" hits="7" branch="True" condition-coverage="100% (6/6)">
              <conditions>
                <condition number="401" type="jump" coverage="100%" />
                <condition number="410" type="jump" coverage="100%" />
                <condition number="424" type="jump" coverage="100%" />
              </conditions>
            </line>
            <line number="38" hits="1" branch="False" />
            <line number="39" hits="1" branch="False" />
            <line number="40" hits="1" branch="False" />
            <line number="41" hits="1" branch="False" />
            <line number="42" hits="6" branch="True" condition-coverage="100% (6/6)">
              <conditions>
                <condition number="619" type="jump" coverage="100%" />
                <condition number="628" type="jump" coverage="100%" />
                <condition number="642" type="jump" coverage="100%" />
              </conditions>
            </line>
            <line number="43" hits="1" branch="False" />
            <line number="44" hits="1" branch="False" />
            <line number="45" hits="1" branch="False" />
            <line number="46" hits="1" branch="False" />
            <line number="47" hits="5" branch="True" condition-coverage="100% (6/6)">
              <conditions>
                <condition number="881" type="jump" coverage="100%" />
                <condition number="890" type="jump" coverage="100%" />
                <condition number="904" type="jump" coverage="100%" />
              </conditions>
            </line>
            <line number="48" hits="1" branch="False" />
            <line number="49" hits="1" branch="False" />
            <line number="50" hits="1" branch="False" />
[...]
            <line number="1069" hits="1" branch="False" />
            <line number="1070" hits="1" branch="False" />
            <line number="1071" hits="1" branch="False" />
            <line number="1072" hits="1" branch="False" />
            <line number="1074" hits="1" branch="False" />
            <line number="1078" hits="1" branch="False" />
            <line number="1080" hits="1" branch="False" />
            <line number="1081" hits="1" branch="False" />
            <line number="1083" hits="1" branch="False" />
            <line number="1084" hits="1" branch="False" />
            <line number="1086" hits="1" branch="False" />
            <line number="1087" hits="1" branch="False" />
            <line number="1088" hits="1" branch="False" />
            <line number="1089" hits="1" branch="False" />
            <line number="1090" hits="1" branch="False" />
            <line number="1091" hits="1" branch="False" />
            <line number="1093" hits="1" branch="False" />
            <line number="1094" hits="1" branch="False" />
            <line number="1095" hits="1" branch="False" />
            <line number="1096" hits="1" branch="False" />
            <line number="1097" hits="1" branch="False" />
            <line number="1098" hits="1" branch="False" />
            <line number="1101" hits="1" branch="False" />
            <line number="1102" hits="1" branch="False" />
            <line number="1103" hits="1" branch="False" />
            <line number="1104" hits="1" branch="False" />
            <line number="1105" hits="1" branch="False" />
            <line number="1106" hits="1" branch="False" />
            <line number="1108" hits="1" branch="False" />
            <line number="1109" hits="1" branch="False" />
            <line number="1111" hits="1" branch="False" />
            <line number="1112" hits="1" branch="False" />
            <line number="1114" hits="1" branch="False" />
            <line number="1115" hits="1" branch="False" />
            <line number="1116" hits="1" branch="False" />
            <line number="1117" hits="1" branch="False" />
            <line number="1118" hits="1" branch="False" />
            <line number="1119" hits="1" branch="False" />
            <line number="1120" hits="1" branch="False" />
            <line number="1121" hits="1" branch="False" />
            <line number="1124" hits="1" branch="False" />
            <line number="1128" hits="1" branch="False" />
            <line number="1129" hits="1" branch="False" />
            <line number="1130" hits="1" branch="False" />
            <line number="1131" hits="1" branch="False" />
            <line number="1132" hits="1" branch="False" />
            <line number="1134" hits="1" branch="False" />
            <line number="1138" hits="1" branch="False" />
            <line number="1140" hits="1" branch="False" />
            <line number="1142" hits="1" branch="False" />
            <line number="1143" hits="1" branch="False" />
            <line number="1144" hits="1" branch="False" />
            <line number="1145" hits="1" branch="False" />
            <line number="1146" hits="1" branch="False" />
            <line number="1147" hits="1" branch="False" />
            <line number="1149" hits="1" branch="False" />
            <line number="1150" hits="1" branch="False" />
            <line number="1151" hits="1" branch="False" />
            <line number="1152" hits="1" branch="False" />
            <line number="1153" hits="1" branch="False" />
            <line number="1154" hits="1" branch="False" />
            <line number="1157" hits="1" branch="False" />
            <line number="1158" hits="1" branch="False" />
            <line number="1159" hits="1" branch="False" />
            <line number="1160" hits="1" branch="False" />
            <line number="1161" hits="1" branch="False" />
            <line number="1162" hits="1" branch="False" />
            <line number="1163" hits="1" branch="False" />
            <line number="1165" hits="1" branch="False" />
            <line number="1168" hits="1" branch="False" />
            <line number="1169" hits="1" branch="False" />
            <line number="1170" hits="1" branch="False" />
            <line number="1171" hits="1" branch="False" />
            <line number="1172" hits="1" branch="False" />
            <line number="1173" hits="1" branch="False" />
            <line number="1174" hits="1" branch="False" />
            <line number="1175" hits="1" branch="False" />
            <line number="1178" hits="1" branch="False" />
            <line number="1181" hits="1" branch="False" />
            <line number="1182" hits="1" branch="False" />
            <line number="1183" hits="1" branch="False" />
            <line number="1184" hits="1" branch="False" />
            <line number="1185" hits="1" branch="False" />
            <line number="1186" hits="1" branch="False" />
            <line number="1188" hits="1" branch="False" />
            <line number="1194" hits="1" branch="False" />
            <line number="1196" hits="1" branch="False" />
            <line number="1198" hits="1" branch="False" />
            <line number="1199" hits="1" branch="False" />
            <line number="1200" hits="1" branch="False" />
            <line number="1201" hits="1" branch="False" />
            <line number="1202" hits="1" branch="False" />
            <line number="1203" hits="1" branch="False" />
            <line number="1205" hits="1" branch="False" />
            <line number="1206" hits="1" branch="False" />
            <line number="1208" hits="1" branch="False" />
            <line number="1209" hits="1" branch="False" />
            <line number="1210" hits="1" branch="False" />
            <line number="1211" hits="1" branch="False" />
            <line number="1212" hits="1" branch="False" />
            <line number="1213" hits="1" branch="False" />
            <line number="1216" hits="1" branch="False" />
            <line number="1217" hits="1" branch="False" />
            <line number="1218" hits="1" branch="False" />
            <line number="1219" hits="1" branch="False" />
            <line number="1220" hits="1" branch="False" />
            <line number="1221" hits="1" branch="False" />
            <line number="1224" hits="1" branch="False" />
            <line number="1225" hits="1" branch="False" />
            <line number="1226" hits="1" branch="False" />
            <line number="1227" hits="1" branch="False" />
            <line number="1229" hits="1" branch="False" />
            <line number="1230" hits="1" branch="False" />
            <line number="1232" hits="1" branch="False" />
            <line number="1233" hits="1" branch="False" />
            <line number="1235" hits="1" branch="False" />
            <line number="1236" hits="1" branch="False" />
            <line number="1237" hits="1" branch="False" />
            <line number="1238" hits="1" branch="False" />
            <line number="1239" hits="1" branch="False" />
            <line number="1240" hits="1" branch="False" />
            <line number="1241" hits="1" branch="False" />
            <line number="1244" hits="1" branch="False" />
            <line number="1247" hits="1" branch="False" />
            <line number="1248" hits="1" branch="False" />
            <line number="1249" hits="1" branch="False" />
            <line number="1250" hits="1" branch="False" />
            <line number="1252" hits="1" branch="False" />
            <line number="1257" hits="1" branch="False" />
            <line number="1259" hits="1" branch="False" />
            <line number="1260" hits="1" branch="False" />
            <line number="1262" hits="1" branch="False" />
            <line number="1263" hits="1" branch="False" />
            <line number="1265" hits="1" branch="False" />
            <line number="1266" hits="1" branch="False" />
            <line number="1267" hits="1" branch="False" />
            <line number="1268" hits="1" branch="False" />
            <line number="1269" hits="1" branch="False" />
            <line number="1270" hits="1" branch="False" />
            <line number="1272" hits="1" branch="False" />
            <line number="1273" hits="1" branch="False" />
            <line number="1274" hits="1" branch="False" />
            <line number="1275" hits="1" branch="False" />
            <line number="1276" hits="1" branch="False" />
            <line number="1277" hits="1" branch="False" />
            <line number="1280" hits="1" branch="False" />
            <line number="1281" hits="1" branch="False" />
            <line number="1282" hits="1" branch="False" />
            <line number="1283" hits="1" branch="False" />
            <line number="1284" hits="1" branch="False" />
            <line number="1285" hits="1" branch="False" />
            <line number="1287" hits="1" branch="False" />
            <line number="1288" hits="1" branch="False" />
            <line number="1291" hits="1" branch="False" />
            <line number="1292" hits="1" branch="False" />
            <line number="1294" hits="1" branch="False" />
            <line number="1295" hits="1" branch="False" />
            <line number="1296" hits="1" branch="False" />
            <line number="1297" hits="1" branch="False" />
            <line number="1298" hits="1" branch="False" />
            <line number="1299" hits="1" branch="False" />
            <line number="1300" hits="1" branch="False" />
            <line number="1301" hits="1" branch="False" />
            <line number="1304" hits="1" branch="False" />
            <line number="1307" hits="1" branch="False" />
            <line number="1308" hits="1" branch="False" />
            <line number="1309" hits="1" branch="False" />
            <line number="1310" hits="1" branch="False" />
            <line number="1311" hits="1" branch="False" />
            <line number="1313" hits="1" branch="False" />
            <line number="1317" hits="1" branch="False" />
            <line number="1319" hits="1" branch="False" />
            <line number="1320" hits="1" branch="False" />
            <line number="1322" hits="1" branch="False" />
            <line number="1323" hits="1" branch="False" />
            <line number="1325" hits="1" branch="False" />
            <line number="1326" hits="1" branch="False" />
            <line number="1327" hits="1" branch="False" />
            <line number="1328" hits="1" branch="False" />
            <line number="1329" hits="1" branch="False" />
            <line number="1330" hits="1" branch="False" />
            <line number="1332" hits="1" branch="False" />
            <line number="1333" hits="1" branch="False" />
            <line number="1334" hits="1" branch="False" />
            <line number="1335" hits="1" branch="False" />
            <line number="1336" hits="1" branch="False" />
            <line number="1337" hits="1" branch="False" />
            <line number="1340" hits="1" branch="False" />
            <line number="1341" hits="1" branch="False" />
            <line number="1342" hits="1" branch="False" />
            <line number="1343" hits="1" branch="False" />
            <line number="1344" hits="1" branch="False" />
            <line number="1345" hits="1" branch="False" />
            <line number="1347" hits="1" branch="False" />
            <line number="1348" hits="1" branch="False" />
            <line number="1350" hits="1" branch="False" />
            <line number="1351" hits="1" branch="False" />
            <line number="1353" hits="1" branch="False" />
            <line number="1354" hits="1" branch="False" />
            <line number="1355" hits="1" branch="False" />
            <line number="1356" hits="1" branch="False" />
            <line number="1357" hits="1" branch="False" />
            <line number="1358" hits="1" branch="False" />
            <line number="1359" hits="1" branch="False" />
            <line number="1360" hits="1" branch="False" />
            <line number="1363" hits="1" branch="False" />
            <line number="1367" hits="1" branch="False" />
            <line number="1368" hits="1" branch="False" />
            <line number="1369" hits="1" branch="False" />
            <line number="1370" hits="1" branch="False" />
            <line number="1371" hits="1" branch="False" />
            <line number="1373" hits="1" branch="False" />
            <line number="1377" hits="1" branch="False" />
            <line number="1379" hits="1" branch="False" />
            <line number="1381" hits="1" branch="False" />
            <line number="1382" hits="1" branch="False" />
            <line number="1383" hits="1" branch="False" />
            <line number="1384" hits="1" branch="False" />
            <line number="1385" hits="1" branch="False" />
            <line number="1386" hits="1" branch="False" />
            <line number="1388" hits="1" branch="False" />
            <line number="1389" hits="1" branch="False" />
            <line number="1390" hits="1" branch="False" />
            <line number="1391" hits="1" branch="False" />
            <line number="1392" hits="1" branch="False" />
            <line number="1393" hits="1" branch="False" />
            <line number="1396" hits="1" branch="False" />
            <line number="1397" hits="1" branch="False" />
            <line number="1398" hits="1" branch="False" />
            <line number="1399" hits="1" branch="False" />
            <line number="1400" hits="1" branch="False" />
            <line number="1401" hits="1" branch="False" />
            <line number="1402" hits="1" branch="False" />
            <line number="1404" hits="1" branch="False" />
            <line number="1407" hits="1" branch="False" />
            <line number="1408" hits="1" branch="False" />
            <line number="1409" hits="1" branch="False" />
            <line number="1410" hits="1" branch="False" />
            <line number="1411" hits="1" branch="False" />
            <line number="1412" hits="1" branch="False" />
            <line number="1413" hits="1" branch="False" />
            <line number="1414" hits="1" branch="False" />
            <line number="1417" hits="1" branch="False" />
            <line number="1420" hits="1" branch="False" />
            <line number="1421" hits="1" branch="False" />
            <line number="1422" hits="1" branch="False" />
            <line number="1423" hits="1" branch="False" />
            <line number="1424" hits="1" branch="False" />
            <line number="1425" hits="1" branch="False" />
            <line number="1427" hits="1" branch="False" />
            <line number="1433" hits="1" branch="False" />
            <line number="1435" hits="1" branch="False" />
            <line number="1436" hits="1" branch="False" />
            <line number="1438" hits="1" branch="False" />
            <line number="1439" hits="1" branch="False" />
            <line number="1441" hits="1" branch="False" />
            <line number="1442" hits="1" branch="False" />
            <line number="1443" hits="1" branch="False" />
            <line number="1444" hits="1" branch="False" />
            <line number="1445" hits="1" branch="False" />
            <line number="1446" hits="1" branch="False" />
            <line number="1449" hits="1" branch="False" />
            <line number="1450" hits="1" branch="False" />
            <line number="1451" hits="1" branch="False" />
            <line number="1452" hits="1" branch="False" />
            <line number="1454" hits="1" branch="False" />
            <line number="1455" hits="1" branch="False" />
            <line number="1457" hits="1" branch="False" />
            <line number="1458" hits="1" branch="False" />
            <line number="1459" hits="1" branch="False" />
            <line number="1460" hits="1" branch="False" />
            <line number="1461" hits="1" branch="False" />
            <line number="1462" hits="1" branch="False" />
            <line number="1463" hits="1" branch="False" />
            <line number="1466" hits="1" branch="False" />
            <line number="1469" hits="1" branch="False" />
            <line number="1470" hits="1" branch="False" />
            <line number="1471" hits="1" branch="False" />
            <line number="1473" hits="1" branch="False" />
            <line number="1478" hits="1" branch="False" />
            <line number="1480" hits="1" branch="False" />
            <line number="1481" hits="1" branch="False" />
            <line number="1483" hits="1" branch="False" />
            <line number="1484" hits="1" branch="False" />
            <line number="1486" hits="1" branch="False" />
            <line number="1487" hits="1" branch="False" />
            <line number="1488" hits="1" branch="False" />
            <line number="1489" hits="1" branch="False" />
            <line number="1490" hits="1" branch="False" />
            <line number="1491" hits="1" branch="False" />
            <line number="1494" hits="1" branch="False" />
            <line number="1495" hits="1" branch="False" />
            <line number="1496" hits="1" branch="False" />
            <line number="1497" hits="1" branch="False" />
            <line number="1498" hits="1" branch="False" />
            <line number="1499" hits="1" branch="False" />
            <line number="1501" hits="1" branch="False" />
            <line number="1502" hits="1" branch="False" />
            <line number="1504" hits="1" branch="False" />
            <line number="1505" hits="1" branch="False" />
            <line number="1506" hits="1" branch="False" />
            <line number="1507" hits="1" branch="False" />
            <line number="1508" hits="1" branch="False" />
            <line number="1509" hits="1" branch="False" />
            <line number="1510" hits="1" branch="False" />
            <line number="1511" hits="1" branch="False" />
            <line number="1514" hits="1" branch="False" />
            <line number="1518" hits="1" branch="False" />
            <line number="1519" hits="1" branch="False" />
            <line number="1520" hits="1" branch="False" />
            <line number="1521" hits="1" branch="False" />
            <line number="1523" hits="1" branch="False" />
            <line number="1527" hits="1" branch="False" />
            <line number="1529" hits="1" branch="False" />
            <line number="1530" hits="1" branch="False" />
            <line number="1532" hits="1" branch="False" />
            <line number="1533" hits="1" branch="False" />
            <line number="1534" hits="1" branch="False" />
            <line number="1535" hits="1" branch="False" />
            <line number="1536" hits="1" branch="False" />
            <line number="1537" hits="1" branch="False" />
            <line number="1538" hits="1" branch="False" />
            <line number="1540" hits="1" branch="False" />
            <line number="1541" hits="1" branch="False" />
            <line number="1542" hits="1" branch="False" />
            <line number="1543" hits="1" branch="False" />
            <line number="1544" hits="1" branch="False" />
            <line number="1545" hits="1" branch="False" />
            <line number="1546" hits="1" branch="False" />
            <line number="1547" hits="1" branch="False" />
            <line number="1550" hits="1" branch="False" />
            <line number="1553" hits="1" branch="False" />
            <line number="1554" hits="1" branch="False" />
            <line number="1555" hits="1" branch="False" />
            <line number="1556" hits="1" branch="False" />
            <line number="1557" hits="1" branch="False" />
            <line number="1559" hits="1" branch="False" />
          </lines>
        </class>
      </classes>
    </package>
  </packages>
</coverage>